<?xml version="1.0" encoding="UTF-8"?>
<coverage generated="1723263146648" clover="3.2.0">
  <project timestamp="1723263146648" name="All files">
    <metrics statements="14" coveredstatements="14" conditionals="4" coveredconditionals="4" methods="0" coveredmethods="0" elements="18" coveredelements="18" complexity="0" loc="14" ncloc="14" packages="1" files="2" classes="2"/>
    <file name="env.editor.spec.ts" path="C:\kimson\Kim_Coding\study\env-editor\__tests__\env.editor.spec.ts">
      <metrics statements="8" coveredstatements="8" conditionals="2" coveredconditionals="2" methods="0" coveredmethods="0"/>
      <line num="1" count="1" type="stmt"/>
      <line num="2" count="1" type="stmt"/>
      <line num="4" count="1" type="cond" truecount="1" falsecount="0"/>
      <line num="5" count="1" type="cond" truecount="1" falsecount="0"/>
      <line num="6" count="1" type="stmt"/>
      <line num="7" count="1" type="stmt"/>
      <line num="8" count="1" type="stmt"/>
      <line num="9" count="1" type="stmt"/>
    </file>
    <file name="test.spec.ts" path="C:\kimson\Kim_Coding\study\env-editor\__tests__\test.spec.ts">
      <metrics statements="6" coveredstatements="6" conditionals="2" coveredconditionals="2" methods="0" coveredmethods="0"/>
      <line num="1" count="1" type="stmt"/>
      <line num="3" count="1" type="cond" truecount="1" falsecount="0"/>
      <line num="4" count="1" type="cond" truecount="1" falsecount="0"/>
      <line num="5" count="1" type="stmt"/>
      <line num="6" count="1" type="stmt"/>
      <line num="7" count="1" type="stmt"/>
    </file>
  </project>
</coverage>
