{"C:\\kimson\\Kim_Coding\\study\\env-editor\\__tests__\\env.editor.spec.ts": {"path":"C:\\kimson\\Kim_Coding\\study\\env-editor\\__tests__\\env.editor.spec.ts","all":false,"statementMap":{"0":{"start":{"line":1,"column":0},"end":{"line":1,"column":47}},"1":{"start":{"line":2,"column":0},"end":{"line":2,"column":46}},"3":{"start":{"line":4,"column":0},"end":{"line":4,"column":40}},"4":{"start":{"line":5,"column":0},"end":{"line":5,"column":42}},"5":{"start":{"line":6,"column":0},"end":{"line":6,"column":38}},"6":{"start":{"line":7,"column":0},"end":{"line":7,"column":36}},"7":{"start":{"line":8,"column":0},"end":{"line":8,"column":5}},"8":{"start":{"line":9,"column":0},"end":{"line":9,"column":3}}},"s":{"0":1,"1":1,"3":1,"4":1,"5":1,"6":1,"7":1,"8":1},"branchMap":{"0":{"type":"branch","line":4,"loc":{"start":{"line":4,"column":33},"end":{"line":9,"column":3}},"locations":[{"start":{"line":4,"column":33},"end":{"line":9,"column":3}}]},"1":{"type":"branch","line":5,"loc":{"start":{"line":5,"column":35},"end":{"line":8,"column":3}},"locations":[{"start":{"line":5,"column":35},"end":{"line":8,"column":3}}]}},"b":{"0":[1],"1":[1]},"fnMap":{},"f":{}}
,"C:\\kimson\\Kim_Coding\\study\\env-editor\\__tests__\\test.spec.ts": {"path":"C:\\kimson\\Kim_Coding\\study\\env-editor\\__tests__\\test.spec.ts","all":false,"statementMap":{"0":{"start":{"line":1,"column":0},"end":{"line":1,"column":46}},"2":{"start":{"line":3,"column":0},"end":{"line":3,"column":36}},"3":{"start":{"line":4,"column":0},"end":{"line":4,"column":26}},"4":{"start":{"line":5,"column":0},"end":{"line":5,"column":31}},"5":{"start":{"line":6,"column":0},"end":{"line":6,"column":5}},"6":{"start":{"line":7,"column":0},"end":{"line":7,"column":3}}},"s":{"0":1,"2":1,"3":1,"4":1,"5":1,"6":1},"branchMap":{"0":{"type":"branch","line":3,"loc":{"start":{"line":3,"column":29},"end":{"line":7,"column":3}},"locations":[{"start":{"line":3,"column":29},"end":{"line":7,"column":3}}]},"1":{"type":"branch","line":4,"loc":{"start":{"line":4,"column":19},"end":{"line":6,"column":3}},"locations":[{"start":{"line":4,"column":19},"end":{"line":6,"column":3}}]}},"b":{"0":[1],"1":[1]},"fnMap":{},"f":{}}
}
